<?xml version="1.0" encoding="UTF-8"?>
<!-- Generated by org.testng.reporters.JUnitXMLReporter -->
<testsuite ignored="2" hostname="Rajus-MacBook-Pro.local" failures="0" tests="3" name="Command line test" time="27.831" errors="0" timestamp="2021-08-21T18:49:09 EDT">
  <testcase classname="com.upgrade.tests.LoanOffersUITest" name="validateOffersTest" time="25.442"/>
  <testcase classname="com.upgrade.tests.LeadSecretApiTest" name="InvalidrequestUID" time="1.283"/>
  <testcase classname="com.upgrade.tests.LeadSecretApiTest" name="validleadSecretTest" time="0.966"/>
  <testcase classname="com.upgrade.tests.AbstractTest" name="@BeforeTest beforeTest" time="0.0">
    <ignored/>
  </testcase> <!-- @BeforeTest beforeTest -->
  <testcase classname="com.upgrade.tests.AbstractTest" name="@BeforeTest beforeTest" time="0.0">
    <ignored/>
  </testcase> <!-- @BeforeTest beforeTest -->
</testsuite> <!-- Command line test -->
