<?xml version="1.0" encoding="UTF-8"?>
<testng-results ignored="0" total="2" passed="2" failed="0" skipped="0">
  <reporter-output>
    <line>
      <![CDATA[2021-08-21 18:18:48 INFO  ApiRequest:22 - Calling POST: https://credapi.credify.tech/api/brfunnelorch/v2/resume/byLeadSecret
<p>]]>
    </line>
    <line>
      <![CDATA[2021-08-21 18:18:49 INFO  LeadSecretApiTest:63 - InValid Status Code : 404
<p>]]>
    </line>
    <line>
      <![CDATA[2021-08-21 18:18:49 INFO  ApiRequest:22 - Calling POST: https://credapi.credify.tech/api/brfunnelorch/v2/resume/byLeadSecret
<p>]]>
    </line>
    <line>
      <![CDATA[2021-08-21 18:18:49 INFO  LeadSecretApiTest:43 - Valid Status Code : 200
<p>]]>
    </line>
  </reporter-output>
  <suite started-at="2021-08-21T18:18:47 EDT" name="Default suite" finished-at="2021-08-21T18:18:50 EDT" duration-ms="2316">
    <groups>
    </groups>
    <test started-at="2021-08-21T18:18:47 EDT" name="Default test" finished-at="2021-08-21T18:18:50 EDT" duration-ms="2316">
      <class name="com.upgrade.tests.LeadSecretApiTest">
        <test-method is-config="true" signature="beforeTest()[pri:0, instance:com.upgrade.tests.LeadSecretApiTest@173ed316]" started-at="2021-08-21T18:18:47 EDT" name="beforeTest" finished-at="2021-08-21T18:18:47 EDT" duration-ms="9" status="PASS">
          <reporter-output>
          </reporter-output>
        </test-method> <!-- beforeTest -->
        <test-method signature="InvalidrequestUID()[pri:0, instance:com.upgrade.tests.LeadSecretApiTest@173ed316]" started-at="2021-08-21T18:18:47 EDT" name="InvalidrequestUID" finished-at="2021-08-21T18:18:49 EDT" duration-ms="1321" status="PASS">
          <reporter-output>
            <line>
              <![CDATA[2021-08-21 18:18:48 INFO  ApiRequest:22 - Calling POST: https://credapi.credify.tech/api/brfunnelorch/v2/resume/byLeadSecret
<p>]]>
            </line>
            <line>
              <![CDATA[2021-08-21 18:18:49 INFO  LeadSecretApiTest:63 - InValid Status Code : 404
<p>]]>
            </line>
          </reporter-output>
        </test-method> <!-- InvalidrequestUID -->
        <test-method is-config="true" signature="afterTest()[pri:0, instance:com.upgrade.tests.LeadSecretApiTest@173ed316]" started-at="2021-08-21T18:18:49 EDT" name="afterTest" finished-at="2021-08-21T18:18:49 EDT" duration-ms="0" status="PASS">
          <reporter-output>
          </reporter-output>
        </test-method> <!-- afterTest -->
        <test-method signature="validleadSecretTest()[pri:0, instance:com.upgrade.tests.LeadSecretApiTest@173ed316]" started-at="2021-08-21T18:18:49 EDT" name="validleadSecretTest" finished-at="2021-08-21T18:18:50 EDT" duration-ms="958" status="PASS">
          <reporter-output>
            <line>
              <![CDATA[2021-08-21 18:18:49 INFO  ApiRequest:22 - Calling POST: https://credapi.credify.tech/api/brfunnelorch/v2/resume/byLeadSecret
<p>]]>
            </line>
            <line>
              <![CDATA[2021-08-21 18:18:49 INFO  LeadSecretApiTest:43 - Valid Status Code : 200
<p>]]>
            </line>
          </reporter-output>
        </test-method> <!-- validleadSecretTest -->
        <test-method is-config="true" signature="afterTest()[pri:0, instance:com.upgrade.tests.LeadSecretApiTest@173ed316]" started-at="2021-08-21T18:18:50 EDT" name="afterTest" finished-at="2021-08-21T18:18:50 EDT" duration-ms="1" status="PASS">
          <reporter-output>
          </reporter-output>
        </test-method> <!-- afterTest -->
      </class> <!-- com.upgrade.tests.LeadSecretApiTest -->
    </test> <!-- Default test -->
  </suite> <!-- Default suite -->
</testng-results>
